  Source.cpp
F:\Shumyal Coding Projects ,Courses and Edits\UniversityAttendanceSystem\University_Attendance_System\University_Attendance_System\Source.cpp(649,17): warning C4566: character represented by universal-character-name '\u2554' cannot be represented in the current code page (1252)
F:\Shumyal Coding Projects ,Courses and Edits\UniversityAttendanceSystem\University_Attendance_System\University_Attendance_System\Source.cpp(649,17): warning C4566: character represented by universal-character-name '\u2550' cannot be represented in the current code page (1252)
F:\Shumyal Coding Projects ,Courses and Edits\UniversityAttendanceSystem\University_Attendance_System\University_Attendance_System\Source.cpp(649,17): warning C4566: character represented by universal-character-name '\u2557' cannot be represented in the current code page (1252)
F:\Shumyal Coding Projects ,Courses and Edits\UniversityAttendanceSystem\University_Attendance_System\University_Attendance_System\Source.cpp(650,17): warning C4566: character represented by universal-character-name '\u2551' cannot be represented in the current code page (1252)
F:\Shumyal Coding Projects ,Courses and Edits\UniversityAttendanceSystem\University_Attendance_System\University_Attendance_System\Source.cpp(651,17): warning C4566: character represented by universal-character-name '\u2560' cannot be represented in the current code page (1252)
F:\Shumyal Coding Projects ,Courses and Edits\UniversityAttendanceSystem\University_Attendance_System\University_Attendance_System\Source.cpp(651,17): warning C4566: character represented by universal-character-name '\u2550' cannot be represented in the current code page (1252)
F:\Shumyal Coding Projects ,Courses and Edits\UniversityAttendanceSystem\University_Attendance_System\University_Attendance_System\Source.cpp(651,17): warning C4566: character represented by universal-character-name '\u2563' cannot be represented in the current code page (1252)
F:\Shumyal Coding Projects ,Courses and Edits\UniversityAttendanceSystem\University_Attendance_System\University_Attendance_System\Source.cpp(652,17): warning C4566: character represented by universal-character-name '\u2551' cannot be represented in the current code page (1252)
F:\Shumyal Coding Projects ,Courses and Edits\UniversityAttendanceSystem\University_Attendance_System\University_Attendance_System\Source.cpp(652,74): warning C4566: character represented by universal-character-name '\u2551' cannot be represented in the current code page (1252)
F:\Shumyal Coding Projects ,Courses and Edits\UniversityAttendanceSystem\University_Attendance_System\University_Attendance_System\Source.cpp(653,17): warning C4566: character represented by universal-character-name '\u2551' cannot be represented in the current code page (1252)
F:\Shumyal Coding Projects ,Courses and Edits\UniversityAttendanceSystem\University_Attendance_System\University_Attendance_System\Source.cpp(653,79): warning C4566: character represented by universal-character-name '\u2551' cannot be represented in the current code page (1252)
F:\Shumyal Coding Projects ,Courses and Edits\UniversityAttendanceSystem\University_Attendance_System\University_Attendance_System\Source.cpp(654,17): warning C4566: character represented by universal-character-name '\u2551' cannot be represented in the current code page (1252)
F:\Shumyal Coding Projects ,Courses and Edits\UniversityAttendanceSystem\University_Attendance_System\University_Attendance_System\Source.cpp(654,80): warning C4566: character represented by universal-character-name '\u2551' cannot be represented in the current code page (1252)
F:\Shumyal Coding Projects ,Courses and Edits\UniversityAttendanceSystem\University_Attendance_System\University_Attendance_System\Source.cpp(655,17): warning C4566: character represented by universal-character-name '\u2551' cannot be represented in the current code page (1252)
F:\Shumyal Coding Projects ,Courses and Edits\UniversityAttendanceSystem\University_Attendance_System\University_Attendance_System\Source.cpp(655,67): warning C4566: character represented by universal-character-name '\u2551' cannot be represented in the current code page (1252)
F:\Shumyal Coding Projects ,Courses and Edits\UniversityAttendanceSystem\University_Attendance_System\University_Attendance_System\Source.cpp(656,17): warning C4566: character represented by universal-character-name '\u2551' cannot be represented in the current code page (1252)
F:\Shumyal Coding Projects ,Courses and Edits\UniversityAttendanceSystem\University_Attendance_System\University_Attendance_System\Source.cpp(656,119): warning C4566: character represented by universal-character-name '\u2551' cannot be represented in the current code page (1252)
F:\Shumyal Coding Projects ,Courses and Edits\UniversityAttendanceSystem\University_Attendance_System\University_Attendance_System\Source.cpp(657,17): warning C4566: character represented by universal-character-name '\u2551' cannot be represented in the current code page (1252)
F:\Shumyal Coding Projects ,Courses and Edits\UniversityAttendanceSystem\University_Attendance_System\University_Attendance_System\Source.cpp(657,90): warning C4566: character represented by universal-character-name '\u2551' cannot be represented in the current code page (1252)
F:\Shumyal Coding Projects ,Courses and Edits\UniversityAttendanceSystem\University_Attendance_System\University_Attendance_System\Source.cpp(658,17): warning C4566: character represented by universal-character-name '\u2551' cannot be represented in the current code page (1252)
F:\Shumyal Coding Projects ,Courses and Edits\UniversityAttendanceSystem\University_Attendance_System\University_Attendance_System\Source.cpp(658,72): warning C4566: character represented by universal-character-name '\u2713' cannot be represented in the current code page (1252)
F:\Shumyal Coding Projects ,Courses and Edits\UniversityAttendanceSystem\University_Attendance_System\University_Attendance_System\Source.cpp(658,88): warning C4566: character represented by universal-character-name '\u2717' cannot be represented in the current code page (1252)
F:\Shumyal Coding Projects ,Courses and Edits\UniversityAttendanceSystem\University_Attendance_System\University_Attendance_System\Source.cpp(658,105): warning C4566: character represented by universal-character-name '\u2551' cannot be represented in the current code page (1252)
F:\Shumyal Coding Projects ,Courses and Edits\UniversityAttendanceSystem\University_Attendance_System\University_Attendance_System\Source.cpp(659,17): warning C4566: character represented by universal-character-name '\u255A' cannot be represented in the current code page (1252)
F:\Shumyal Coding Projects ,Courses and Edits\UniversityAttendanceSystem\University_Attendance_System\University_Attendance_System\Source.cpp(659,17): warning C4566: character represented by universal-character-name '\u2550' cannot be represented in the current code page (1252)
F:\Shumyal Coding Projects ,Courses and Edits\UniversityAttendanceSystem\University_Attendance_System\University_Attendance_System\Source.cpp(659,17): warning C4566: character represented by universal-character-name '\u255D' cannot be represented in the current code page (1252)
F:\Shumyal Coding Projects ,Courses and Edits\UniversityAttendanceSystem\University_Attendance_System\University_Attendance_System\Source.cpp(716,65): warning C4566: character represented by universal-character-name '\u2713' cannot be represented in the current code page (1252)
F:\Shumyal Coding Projects ,Courses and Edits\UniversityAttendanceSystem\University_Attendance_System\University_Attendance_System\Source.cpp(716,81): warning C4566: character represented by universal-character-name '\u2717' cannot be represented in the current code page (1252)
F:\Shumyal Coding Projects ,Courses and Edits\UniversityAttendanceSystem\University_Attendance_System\University_Attendance_System\Source.cpp(1021,17): warning C4566: character represented by universal-character-name '\u2500' cannot be represented in the current code page (1252)
F:\Shumyal Coding Projects ,Courses and Edits\UniversityAttendanceSystem\University_Attendance_System\University_Attendance_System\Source.cpp(1025,16): warning C4566: character represented by universal-character-name '\u2500' cannot be represented in the current code page (1252)
F:\Shumyal Coding Projects ,Courses and Edits\UniversityAttendanceSystem\University_Attendance_System\University_Attendance_System\Source.cpp(1028,16): warning C4566: character represented by universal-character-name '\u2500' cannot be represented in the current code page (1252)
F:\Shumyal Coding Projects ,Courses and Edits\UniversityAttendanceSystem\University_Attendance_System\University_Attendance_System\Source.cpp(1033,16): warning C4566: character represented by universal-character-name '\u2500' cannot be represented in the current code page (1252)
F:\Shumyal Coding Projects ,Courses and Edits\UniversityAttendanceSystem\University_Attendance_System\University_Attendance_System\Source.cpp(1036,16): warning C4566: character represented by universal-character-name '\u2500' cannot be represented in the current code page (1252)
F:\Shumyal Coding Projects ,Courses and Edits\UniversityAttendanceSystem\University_Attendance_System\University_Attendance_System\Source.cpp(1039,16): warning C4566: character represented by universal-character-name '\u2500' cannot be represented in the current code page (1252)
  University_Attendance_System.vcxproj -> F:\Shumyal Coding Projects ,Courses and Edits\UniversityAttendanceSystem\University_Attendance_System\x64\Debug\University_Attendance_System.exe
